[2026-04-04T16:06:58.627Z] 🚀 Finalizing server configuration...
[2026-04-04T16:06:59.677Z] 📡 Starting HTTP server...
[2026-04-04T16:06:59.708Z] ✅ StudyHub server running on http://0.0.0.0:3000
[2026-04-04T16:07:12.199Z] 🚀 Finalizing server configuration...
[2026-04-04T16:07:12.205Z] [DB] 🔗 Connecting to MongoDB: cluster0.k2eddls.mongodb.net...
[2026-04-04T16:07:14.406Z] [DB] ✅ MongoDB connected: ac-ehnym43-shard-00-02.k2eddls.mongodb.net
[2026-04-04T16:07:14.425Z] 📡 Starting HTTP server...
[2026-04-04T16:07:14.563Z] ✅ StudyHub server running on http://0.0.0.0:3000
[2026-04-04T16:08:20.210Z] 🚀 Finalizing server configuration...
[2026-04-04T16:08:20.225Z] [DB] 🔗 Connecting to MongoDB: cluster0.k2eddls.mongodb.net...
[2026-04-04T16:08:21.278Z] [DB] ✅ MongoDB connected: ac-ehnym43-shard-00-02.k2eddls.mongodb.net
[2026-04-04T16:08:21.299Z] 📡 Starting HTTP server...
[2026-04-04T16:08:21.321Z] ✅ StudyHub server running on http://0.0.0.0:3000
[2026-04-04T16:14:57.782Z] 🚀 Finalizing server configuration...
[2026-04-04T16:14:57.784Z] [DB] 🔗 Connecting to MongoDB: cluster0.k2eddls.mongodb.net...
[2026-04-04T16:14:58.927Z] [DB] ✅ MongoDB connected: ac-ehnym43-shard-00-00.k2eddls.mongodb.net
[2026-04-04T16:14:58.928Z] 📡 Starting HTTP server...
[2026-04-04T16:14:58.935Z] ✅ StudyHub server running on http://0.0.0.0:3000
[2026-04-04T16:16:40.378Z] 🚀 Finalizing servr configuration...
[2026-04-04T16:16:40.380Z] [DB] 🔗 Connecting to MongoDB: cluster0.k2eddls.mongodb.net...
[2026-04-04T16:16:41.840Z] 🚀 Finalizing server configuration...
[2026-04-04T16:16:41.843Z] [DB] 🔗 Connecting to MongoDB: cluster0.k2eddls.mongodb.net...
[2026-04-04T16:16:42.630Z] [DB] ✅ MongoDB connected: ac-ehnym43-shard-00-02.k2eddls.mongodb.net
[2026-04-04T16:16:42.633Z] 📡 Starting HTTP server...
[2026-04-04T16:16:42.646Z] ✅ StudyHub server running on http://0.0.0.0:3000
[2026-04-04T16:16:53.564Z] 🚀 Finalizing server configuration...
[2026-04-04T16:16:53.566Z] [DB] 🔗 Connecting to MongoDB: cluster0.k2eddls.mongodb.net...
[2026-04-04T16:16:54.614Z] [DB] ✅ MongoDB connected: ac-ehnym43-shard-00-02.k2eddls.mongodb.net
[2026-04-04T16:16:54.616Z] 📡 Starting HTTP server...
[2026-04-04T16:16:54.626Z] ❌ Server failed to start: listen EADDRINUSE: address already in use 0.0.0.0:3000
[2026-04-04T16:17:23.247Z] 🚀 Finalizing server configuration...
[2026-04-04T16:17:23.249Z] [DB] 🔗 Connecting to MongoDB: cluster0.k2eddls.mongodb.net...
[2026-04-04T16:17:24.150Z] [DB] ✅ MongoDB connected: ac-ehnym43-shard-00-00.k2eddls.mongodb.net
[2026-04-04T16:17:24.152Z] 📡 Starting HTTP server...
[2026-04-04T16:17:24.161Z] ❌ Server failed to start: listen EADDRINUSE: address already in use 0.0.0.0:3000
[2026-04-04T16:19:13.305Z] 🚀 Finalizing server configuration...
[2026-04-04T16:19:13.307Z] [DB] 🔗 Connecting to MongoDB: cluster0.k2eddls.mongodb.net...
[2026-04-04T16:19:14.366Z] [DB] ✅ MongoDB connected: ac-ehnym43-shard-00-02.k2eddls.mongodb.net
[2026-04-04T16:19:14.368Z] 📡 Starting HTTP server...
[2026-04-04T16:19:14.376Z] ✅ StudyHub server running on http://0.0.0.0:3000
[2026-04-04T16:21:41.729Z] 🚀 Finalizing server configuration...
[2026-04-04T16:21:41.731Z] [DB] 🔗 Connecting to MongoDB: cluster0.k2eddls.mongodb.net...
[2026-04-04T16:21:42.734Z] [DB] ✅ MongoDB connected: ac-ehnym43-shard-00-01.k2eddls.mongodb.net
[2026-04-04T16:21:42.737Z] 📡 Starting HTTP server...
[2026-04-04T16:21:42.745Z] ✅ StudyHub server running on http://0.0.0.0:3000
[2026-04-04T16:29:30.860Z] 🚀 Finalizing server configuration...
[2026-04-04T16:29:30.875Z] [DB] 🔗 Connecting to MongoDB: cluster0.k2eddls.mongodb.net...
[2026-04-04T16:29:31.260Z] 🚀 Finalizing server configuration...
[2026-04-04T16:29:31.275Z] [DB] 🔗 Connecting to MongoDB: cluster0.k2eddls.mongodb.net...
[2026-04-04T16:29:32.261Z] [DB] ✅ MongoDB connected: ac-ehnym43-shard-00-01.k2eddls.mongodb.net
[2026-04-04T16:29:32.286Z] 📡 Starting HTTP server...
[2026-04-04T16:29:32.301Z] ✅ StudyHub server running on http://0.0.0.0:3000
[2026-04-04T16:29:32.746Z] [DB] ✅ MongoDB connected: ac-ehnym43-shard-00-01.k2eddls.mongodb.net
[2026-04-04T16:29:32.754Z] 📡 Starting HTTP server...
[2026-04-04T16:29:32.770Z] ❌ Server failed to start: listen EADDRINUSE: address already in use 0.0.0.0:3000
[2026-04-04T16:29:44.956Z] 🚀 Finalizing server configuration...
[2026-04-04T16:29:44.962Z] [DB] 🔗 Connecting to MongoDB: cluster0.k2eddls.mongodb.net...
[2026-04-04T16:29:45.280Z] 🚀 Finalizing server configuration...
[2026-04-04T16:29:45.288Z] [DB] 🔗 Connecting to MongoDB: cluster0.k2eddls.mongodb.net...
[2026-04-04T16:29:52.711Z] [DB] ✅ MongoDB connected: ac-ehnym43-shard-00-02.k2eddls.mongodb.net
[2026-04-04T16:29:52.725Z] 📡 Starting HTTP server...
[2026-04-04T16:29:52.772Z] ✅ StudyHub server running on http://0.0.0.0:3000
[2026-04-04T16:29:53.560Z] [DB] ✅ MongoDB connected: ac-ehnym43-shard-00-00.k2eddls.mongodb.net
[2026-04-04T16:29:53.577Z] 📡 Starting HTTP server...
[2026-04-04T16:29:53.631Z] ❌ Server failed to start: listen EADDRINUSE: address already in use 0.0.0.0:3000
[2026-04-04T16:33:14.907Z] 🚀 Finaliing server configuration...
[2026-04-04T16:33:14.909Z] [DB] 🔗 Connecting to MongoDB: cluster0.k2eddls.mongodb.net...
[2026-04-04T16:33:14.946Z] 🚀 Finaliing server configuration...
[2026-04-04T16:33:14.954Z] [DB] 🔗 Connecting to MongoDB: cluster0.k2eddls.mongodb.net...
[2026-04-04T16:33:16.365Z] 🚀 Finalizing server configuration...
[2026-04-04T16:33:16.367Z] [DB] 🔗 Connecting to MongoDB: cluster0.k2eddls.mongodb.net...
[2026-04-04T16:33:16.417Z] 🚀 Finalizing server configuration...
[2026-04-04T16:33:16.419Z] [DB] 🔗 Connecting to MongoDB: cluster0.k2eddls.mongodb.net...
[2026-04-04T16:33:21.772Z] [DB] ✅ MongoDB connected: ac-ehnym43-shard-00-01.k2eddls.mongodb.net
[2026-04-04T16:33:21.791Z] [DB] ✅ MongoDB connected: ac-ehnym43-shard-00-01.k2eddls.mongodb.net
[2026-04-04T16:33:21.788Z] 📡 Starting HTTP server...
[2026-04-04T16:33:21.821Z] 📡 Starting HTTP server...
[2026-04-04T16:33:21.908Z] ✅ StudyHub server running on http://0.0.0.0:3000
[2026-04-04T16:33:21.950Z] ❌ Server failed to start: listen EADDRINUSE: address already in use 0.0.0.0:3000
[2026-04-04T16:33:52.776Z] 🚀 Finalizing servr configuration...
[2026-04-04T16:33:52.779Z] [DB] 🔗 Connecting to MongoDB: cluster0.k2eddls.mongodb.net...
[2026-04-04T16:33:53.044Z] 🚀 Finalizing servr configuration...
[2026-04-04T16:33:53.046Z] [DB] 🔗 Connecting to MongoDB: cluster0.k2eddls.mongodb.net...
[2026-04-04T16:33:53.492Z] [DB] ✅ MongoDB connected: ac-ehnym43-shard-00-00.k2eddls.mongodb.net
[2026-04-04T16:33:53.494Z] 📡 Starting HTTP server...
[2026-04-04T16:33:53.503Z] ✅ StudyHub server running on http://0.0.0.0:3000
[2026-04-04T16:33:53.750Z] [DB] ✅ MongoDB connected: ac-ehnym43-shard-00-01.k2eddls.mongodb.net
[2026-04-04T16:33:53.764Z] 📡 Starting HTTP server...
[2026-04-04T16:33:53.779Z] ❌ Server failed to start: listen EADDRINUSE: address already in use 0.0.0.0:3000
[2026-04-04T16:33:54.700Z] 🚀 Finalizing server configuration...
[2026-04-04T16:33:54.703Z] [DB] 🔗 Connecting to MongoDB: cluster0.k2eddls.mongodb.net...
[2026-04-04T16:33:54.712Z] 🚀 Finalizing server configuration...
[2026-04-04T16:33:54.714Z] [DB] 🔗 Connecting to MongoDB: cluster0.k2eddls.mongodb.net...
[2026-04-04T16:33:55.441Z] [DB] ✅ MongoDB connected: ac-ehnym43-shard-00-02.k2eddls.mongodb.net
[2026-04-04T16:33:55.441Z] 📡 Starting HTTP server...
[2026-04-04T16:33:55.450Z] [DB] ✅ MongoDB connected: ac-ehnym43-shard-00-02.k2eddls.mongodb.net
[2026-04-04T16:33:55.455Z] ✅ StudyHub server running on http://0.0.0.0:3000
[2026-04-04T16:33:55.456Z] 📡 Starting HTTP server...
[2026-04-04T16:33:55.467Z] ❌ Server failed to start: listen EADDRINUSE: address already in use 0.0.0.0:3000
[2026-04-04T16:43:05.359Z] 🚀 Finalizing server configuration...
[2026-04-04T16:43:05.367Z] [DB] 🔗 Connecting to MongoDB: cluster0.k2eddls.mongodb.net...
[2026-04-04T16:43:05.736Z] 🚀 Finalizing server configuration...
[2026-04-04T16:43:05.742Z] [DB] 🔗 Connecting to MongoDB: cluster0.k2eddls.mongodb.net...
[2026-04-04T16:43:07.559Z] [DB] ✅ MongoDB connected: ac-ehnym43-shard-00-02.k2eddls.mongodb.net
[2026-04-04T16:43:07.589Z] 📡 Starting HTTP server...
[2026-04-04T16:43:07.729Z] [DB] ✅ MongoDB connected: ac-ehnym43-shard-00-01.k2eddls.mongodb.net
[2026-04-04T16:43:07.762Z] 📡 Starting HTTP server...
[2026-04-04T16:43:07.807Z] ✅ StudyHub server running on http://0.0.0.0:3000
[2026-04-04T16:43:07.934Z] ❌ Server failed to start: listen EADDRINUSE: address already in use 0.0.0.0:3000
[2026-04-04T16:43:38.195Z] 🚀 Finalizing server configuration...
[2026-04-04T16:43:38.218Z] [DB] 🔗 Connecting to MongoDB: cluster0.k2eddls.mongodb.net...
[2026-04-04T16:43:38.920Z] 🚀 Finalizing server configuration...
[2026-04-04T16:43:38.965Z] [DB] 🔗 Connecting to MongoDB: cluster0.k2eddls.mongodb.net...
[2026-04-04T16:43:50.707Z] [DB] ✅ MongoDB connected: ac-ehnym43-shard-00-02.k2eddls.mongodb.net
[2026-04-04T16:43:50.709Z] 📡 Starting HTTP server...
[2026-04-04T16:43:50.724Z] ✅ StudyHub server running on http://0.0.0.0:3000
[2026-04-04T16:43:51.241Z] [DB] ✅ MongoDB connected: ac-ehnym43-shard-00-02.k2eddls.mongodb.net
[2026-04-04T16:43:51.245Z] 📡 Starting HTTP server...
[2026-04-04T16:43:51.255Z] ❌ Server failed to start: listen EADDRINUSE: address already in use 0.0.0.0:3000
[2026-04-04T16:43:55.036Z] 🚀 Finalizing server configuration...
[2026-04-04T16:43:55.038Z] [DB] 🔗 Connecting to MongoDB: cluster0.k2eddls.mongodb.net...
[2026-04-04T16:43:55.501Z] 🚀 Finalizing server configuration...
[2026-04-04T16:43:55.503Z] [DB] 🔗 Connecting to MongoDB: cluster0.k2eddls.mongodb.net...
[2026-04-04T16:44:17.634Z] [DB] ✅ MongoDB connected: ac-ehnym43-shard-00-02.k2eddls.mongodb.net
[2026-04-04T16:44:17.635Z] 📡 Starting HTTP server...
[2026-04-04T16:44:17.641Z] [DB] ✅ MongoDB connected: ac-ehnym43-shard-00-01.k2eddls.mongodb.net
[2026-04-04T16:44:17.643Z] ✅ StudyHub server running on http://0.0.0.0:3000
[2026-04-04T16:44:17.644Z] 📡 Starting HTTP server...
[2026-04-04T16:44:17.674Z] ❌ Server failed to start: listen EADDRINUSE: address already in use 0.0.0.0:3000
[2026-04-04T16:47:03.664Z] 🚀 Finalizing server configuration...
[2026-04-04T16:47:03.666Z] [DB] 🔗 Connecting to MongoDB: cluster0.k2eddls.mongodb.net...
[2026-04-04T16:47:03.672Z] 🚀 Finalizing server configuration...
[2026-04-04T16:47:03.675Z] [DB] 🔗 Connecting to MongoDB: cluster0.k2eddls.mongodb.net...
[2026-04-04T16:47:04.503Z] [DB] ✅ MongoDB connected: ac-ehnym43-shard-00-01.k2eddls.mongodb.net
[2026-04-04T16:47:04.507Z] 📡 Starting HTTP server...
[2026-04-04T16:47:04.525Z] ✅ StudyHub server running on http://0.0.0.0:3000
[2026-04-04T16:47:04.586Z] [DB] ✅ MongoDB connected: ac-ehnym43-shard-00-00.k2eddls.mongodb.net
[2026-04-04T16:47:04.593Z] 📡 Starting HTTP server...
[2026-04-04T16:47:04.610Z] ❌ Server failed to start: listen EADDRINUSE: address already in use 0.0.0.0:3000
[2026-04-04T16:55:35.051Z] 🚀 Finalizing server configuration...
[2026-04-04T16:55:35.054Z] [DB] 🔗 Connecting to MongoDB: cluster0.k2eddls.mongodb.net...
[2026-04-04T16:55:35.308Z] 🚀 Finalizing server configuration...
[2026-04-04T16:55:35.310Z] [DB] 🔗 Connecting to MongoDB: cluster0.k2eddls.mongodb.net...
[2026-04-04T16:55:35.897Z] [DB] ✅ MongoDB connected: ac-ehnym43-shard-00-00.k2eddls.mongodb.net
[2026-04-04T16:55:35.903Z] 📡 Starting HTTP server...
[2026-04-04T16:55:35.917Z] ✅ StudyHub server running on http://0.0.0.0:3000
[2026-04-04T16:55:36.127Z] [DB] ✅ MongoDB connected: ac-ehnym43-shard-00-02.k2eddls.mongodb.net
[2026-04-04T16:55:36.128Z] 📡 Starting HTTP server...
[2026-04-04T16:55:36.134Z] ❌ Server failed to start: listen EADDRINUSE: address already in use 0.0.0.0:3000
[2026-04-04T16:56:11.240Z] 🚀 Finalizing server configuration...
[2026-04-04T16:56:11.243Z] [DB] 🔗 Connecting to MongoDB: cluster0.k2eddls.mongodb.net...
[2026-04-04T16:56:11.527Z] 🚀 Finalizing server configuration...
[2026-04-04T16:56:11.532Z] [DB] 🔗 Connecting to MongoDB: cluster0.k2eddls.mongodb.net...
[2026-04-04T16:56:12.095Z] [DB] ✅ MongoDB connected: ac-ehnym43-shard-00-00.k2eddls.mongodb.net
[2026-04-04T16:56:12.097Z] 📡 Starting HTTP server...
[2026-04-04T16:56:12.110Z] ✅ StudyHub server running on http://0.0.0.0:3000
[2026-04-04T16:56:12.337Z] [DB] ✅ MongoDB connected: ac-ehnym43-shard-00-02.k2eddls.mongodb.net
[2026-04-04T16:56:12.343Z] 📡 Starting HTTP server...
[2026-04-04T16:56:12.352Z] ❌ Server failed to start: listen EADDRINUSE: address already in use 0.0.0.0:3000
[2026-04-04T16:58:09.119Z] 🚀 Finalizing server configuration...
[2026-04-04T16:58:09.123Z] [DB] 🔗 Connecting to MongoDB: cluster0.k2eddls.mongodb.net...
[2026-04-04T16:58:09.120Z] 🚀 Finalizing server configuration...
[2026-04-04T16:58:09.125Z] [DB] 🔗 Connecting to MongoDB: cluster0.k2eddls.mongodb.net...
[2026-04-04T16:58:10.058Z] [DB] ✅ MongoDB connected: ac-ehnym43-shard-00-00.k2eddls.mongodb.net
[2026-04-04T16:58:10.062Z] [DB] ✅ MongoDB connected: ac-ehnym43-shard-00-00.k2eddls.mongodb.net
[2026-04-04T16:58:10.063Z] 📡 Starting HTTP server...
[2026-04-04T16:58:10.075Z] 📡 Starting HTTP server...
[2026-04-04T16:58:10.081Z] ✅ StudyHub server running on http://0.0.0.0:3000
[2026-04-04T16:58:10.091Z] ❌ Server failed to start: listen EADDRINUSE: address already in use 0.0.0.0:3000
[2026-04-04T17:11:03.901Z] 🚀 Finalizing server configuration...
[2026-04-04T17:11:03.907Z] [DB] 🔗 Connecting to MongoDB: cluster0.k2eddls.mongodb.net...
[2026-04-04T17:11:05.185Z] [DB] ✅ MongoDB connected: ac-ehnym43-shard-00-02.k2eddls.mongodb.net
[2026-04-04T17:11:05.211Z] 📡 Starting HTTP server...
[2026-04-04T17:11:05.246Z] 🚀 Finalizing server configuration...
[2026-04-04T17:11:05.264Z] [DB] 🔗 Connecting to MongoDB: cluster0.k2eddls.mongodb.net...
[2026-04-04T17:11:05.373Z] ✅ StudyHub server running on http://0.0.0.0:3000
[2026-04-04T17:11:06.109Z] [DB] ✅ MongoDB connected: ac-ehnym43-shard-00-02.k2eddls.mongodb.net
[2026-04-04T17:11:06.119Z] 📡 Starting HTTP server...
[2026-04-04T17:11:06.135Z] ❌ Server failed to start: listen EADDRINUSE: address already in use 0.0.0.0:3000
[2026-04-04T17:12:09.420Z] 🚀 Finalizing server configuration...
[2026-04-04T17:12:09.425Z] [DB] 🔗 Connecting to MongoDB: cluster0.k2eddls.mongodb.net...
[2026-04-04T17:12:10.168Z] 🚀 Finalizing server configuration...
[2026-04-04T17:12:10.173Z] [DB] 🔗 Connecting to MongoDB: cluster0.k2eddls.mongodb.net...
[2026-04-04T17:12:10.338Z] [DB] ✅ MongoDB connected: ac-ehnym43-shard-00-02.k2eddls.mongodb.net
[2026-04-04T17:12:10.343Z] 📡 Starting HTTP server...
[2026-04-04T17:12:10.359Z] ✅ StudyHub server running on http://0.0.0.0:3000
[2026-04-04T17:12:10.973Z] [DB] ✅ MongoDB connected: ac-ehnym43-shard-00-01.k2eddls.mongodb.net
[2026-04-04T17:12:10.981Z] 📡 Starting HTTP server...
[2026-04-04T17:12:10.997Z] ❌ Server failed to start: listen EADDRINUSE: address already in use 0.0.0.0:3000
[2026-04-04T17:19:03.846Z] [DB] 🔗 Connecting to MongoDB: cluster0.k2eddls.mongodb.net...
[2026-04-04T17:19:24.173Z] [DB] ❌ MongoDB connection error: queryTxt ECONNREFUSED cluster0.k2eddls.mongodb.net
